action: py36, msg: envreport
cwd: D:\ShareFolder_Ubuntu\AppSecAssignment2
cmd: 'D:\ShareFolder_Ubuntu\AppSecAssignment2\.tox\py36\Scripts\python.EXE' -m pip freeze
alembic==1.3.1
atomicwrites==1.4.0
attrs==19.3.0
certifi==2019.11.28
chardet==3.0.4
Click==7.0
colorama==0.4.3
coverage==5.0
docker==4.1.0
filelock==3.0.12
Flask==1.1.1
Flask-Login==0.4.1
Flask-Migrate==2.5.2
Flask-SQLAlchemy==2.4.1
Flask-WTF==0.14.2
idna==2.8
importlib-metadata==1.3.0
itsdangerous==1.1.0
Jinja2==2.10.3
Mako==1.1.0
MarkupSafe==1.1.1
more-itertools==5.0.0
packaging==19.2
pluggy==0.13.1
py==1.8.0
pyparsing==2.4.5
pypiwin32==223
pytest==5.3.2
python-dateutil==2.8.1
python-dotenv==0.10.3
python-editor==1.0.4
pywin32==228
requests==2.22.0
six==1.13.0
SQLAlchemy==1.3.11
toml==0.10.0
tox==3.14.2
tox-travis==0.12
urllib3==1.25.7
virtualenv==16.7.8
wcwidth==0.1.7
websocket-client==0.56.0
Werkzeug==0.16.0
WTForms==2.2.1
zipp==0.6.0
